[2025-05-05T08:15:42.091Z] DEBUG: Getting raw project data for ID: 68160e6288e5f5551f050655
[2025-05-05T08:15:42.134Z] DEBUG results for project 68160e6288e5f5551f050655:
{
  "projectId": "68160e6288e5f5551f050655",
  "projectName": "фф2",
  "elementCount": 1,
  "hasKeyframesJson": true,
  "keyframesJsonLength": 2,
  "lastUpdated": "2025-05-05T08:10:12.415Z",
  "rawProject": {
    "keyframesJson": "{}",
    "_id": "68160e6288e5f5551f050655",
    "name": "фф2",
    "description": "",
    "duration": 60,
    "audioUrl": null,
    "elements": [
      {
        "position": {
          "x": 184,
          "y": 238
        },
        "size": {
          "width": 100,
          "height": 100
        },
        "style": {
          "color": "#000000",
          "backgroundColor": "#2196F3",
          "borderColor": "#0D47A1",
          "borderWidth": 2,
          "opacity": 1,
          "zIndex": 1
        },
        "id": "ae866a9a-1749-43c2-bb24-ae2565cb764d",
        "type": "circle",
        "content": "",
        "animation": {
          "startTime": 0,
          "endTime": null,
          "effects": []
        },
        "_id": "6818608188e5f5551f050942"
      }
    ],
    "createdAt": "2025-05-03T12:38:58.628Z",
    "updatedAt": "2025-05-05T08:10:12.415Z",
    "__v": 0
  },
  "keyframeData": {
    "elementCount": 0,
    "elementIds": [],
    "totalKeyframes": 0
  },
  "elements": [
    {
      "elementId": "ae866a9a-1749-43c2-bb24-ae2565cb764d",
      "elementType": "circle",
      "keyframeCount": 0,
      "keyframeSample": null
    }
  ],
  "localStorage": {
    "exists": false
  }
}

[2025-05-05T08:16:04.203Z] DEBUG: Getting raw project data for ID: 68160e6288e5f5551f050655
[2025-05-05T08:16:04.215Z] DEBUG results for project 68160e6288e5f5551f050655:
{
  "projectId": "68160e6288e5f5551f050655",
  "projectName": "фф2",
  "elementCount": 1,
  "hasKeyframesJson": true,
  "keyframesJsonLength": 2,
  "lastUpdated": "2025-05-05T08:10:12.415Z",
  "rawProject": {
    "keyframesJson": "{}",
    "_id": "68160e6288e5f5551f050655",
    "name": "фф2",
    "description": "",
    "duration": 60,
    "audioUrl": null,
    "elements": [
      {
        "position": {
          "x": 184,
          "y": 238
        },
        "size": {
          "width": 100,
          "height": 100
        },
        "style": {
          "color": "#000000",
          "backgroundColor": "#2196F3",
          "borderColor": "#0D47A1",
          "borderWidth": 2,
          "opacity": 1,
          "zIndex": 1
        },
        "id": "ae866a9a-1749-43c2-bb24-ae2565cb764d",
        "type": "circle",
        "content": "",
        "animation": {
          "startTime": 0,
          "endTime": null,
          "effects": []
        },
        "_id": "6818608188e5f5551f050942"
      }
    ],
    "createdAt": "2025-05-03T12:38:58.628Z",
    "updatedAt": "2025-05-05T08:10:12.415Z",
    "__v": 0
  },
  "keyframeData": {
    "elementCount": 0,
    "elementIds": [],
    "totalKeyframes": 0
  },
  "elements": [
    {
      "elementId": "ae866a9a-1749-43c2-bb24-ae2565cb764d",
      "elementType": "circle",
      "keyframeCount": 0,
      "keyframeSample": null
    }
  ],
  "localStorage": {
    "exists": false
  }
}

[2025-05-05T08:18:07.297Z] DEBUG: Getting raw project data for ID: 68160e6288e5f5551f050655
[2025-05-05T08:18:07.306Z] DEBUG results for project 68160e6288e5f5551f050655:
{
  "projectId": "68160e6288e5f5551f050655",
  "projectName": "фф2",
  "elementCount": 1,
  "hasKeyframesJson": true,
  "keyframesJsonLength": 2,
  "lastUpdated": "2025-05-05T08:10:12.415Z",
  "rawProject": {
    "keyframesJson": "{}",
    "_id": "68160e6288e5f5551f050655",
    "name": "фф2",
    "description": "",
    "duration": 60,
    "audioUrl": null,
    "elements": [
      {
        "position": {
          "x": 184,
          "y": 238
        },
        "size": {
          "width": 100,
          "height": 100
        },
        "style": {
          "color": "#000000",
          "backgroundColor": "#2196F3",
          "borderColor": "#0D47A1",
          "borderWidth": 2,
          "opacity": 1,
          "zIndex": 1
        },
        "id": "ae866a9a-1749-43c2-bb24-ae2565cb764d",
        "type": "circle",
        "content": "",
        "animation": {
          "startTime": 0,
          "endTime": null,
          "effects": []
        },
        "_id": "6818608188e5f5551f050942"
      }
    ],
    "createdAt": "2025-05-03T12:38:58.628Z",
    "updatedAt": "2025-05-05T08:10:12.415Z",
    "__v": 0
  },
  "keyframeData": {
    "elementCount": 0,
    "elementIds": [],
    "totalKeyframes": 0
  },
  "elements": [
    {
      "elementId": "ae866a9a-1749-43c2-bb24-ae2565cb764d",
      "elementType": "circle",
      "keyframeCount": 0,
      "keyframeSample": null
    }
  ],
  "localStorage": {
    "exists": false
  }
}

[2025-05-05T08:19:10.293Z] DEBUG: Getting raw project data for ID: 68160e6288e5f5551f050655
[2025-05-05T08:19:10.302Z] DEBUG results for project 68160e6288e5f5551f050655:
{
  "projectId": "68160e6288e5f5551f050655",
  "projectName": "фф2",
  "elementCount": 1,
  "hasKeyframesJson": true,
  "keyframesJsonLength": 2,
  "lastUpdated": "2025-05-05T08:10:12.415Z",
  "rawProject": {
    "keyframesJson": "{}",
    "_id": "68160e6288e5f5551f050655",
    "name": "фф2",
    "description": "",
    "duration": 60,
    "audioUrl": null,
    "elements": [
      {
        "position": {
          "x": 184,
          "y": 238
        },
        "size": {
          "width": 100,
          "height": 100
        },
        "style": {
          "color": "#000000",
          "backgroundColor": "#2196F3",
          "borderColor": "#0D47A1",
          "borderWidth": 2,
          "opacity": 1,
          "zIndex": 1
        },
        "id": "ae866a9a-1749-43c2-bb24-ae2565cb764d",
        "type": "circle",
        "content": "",
        "animation": {
          "startTime": 0,
          "endTime": null,
          "effects": []
        },
        "_id": "6818608188e5f5551f050942"
      }
    ],
    "createdAt": "2025-05-03T12:38:58.628Z",
    "updatedAt": "2025-05-05T08:10:12.415Z",
    "__v": 0
  },
  "keyframeData": {
    "elementCount": 0,
    "elementIds": [],
    "totalKeyframes": 0
  },
  "elements": [
    {
      "elementId": "ae866a9a-1749-43c2-bb24-ae2565cb764d",
      "elementType": "circle",
      "keyframeCount": 0,
      "keyframeSample": null
    }
  ],
  "localStorage": {
    "exists": false
  }
}

[2025-05-05T08:20:50.645Z] DEBUG: Getting raw project data for ID: 68160e6288e5f5551f050655
[2025-05-05T08:20:50.656Z] DEBUG results for project 68160e6288e5f5551f050655:
{
  "projectId": "68160e6288e5f5551f050655",
  "projectName": "фф2",
  "elementCount": 1,
  "hasKeyframesJson": true,
  "keyframesJsonLength": 2,
  "lastUpdated": "2025-05-05T08:10:12.415Z",
  "rawProject": {
    "keyframesJson": "{}",
    "_id": "68160e6288e5f5551f050655",
    "name": "фф2",
    "description": "",
    "duration": 60,
    "audioUrl": null,
    "elements": [
      {
        "position": {
          "x": 184,
          "y": 238
        },
        "size": {
          "width": 100,
          "height": 100
        },
        "style": {
          "color": "#000000",
          "backgroundColor": "#2196F3",
          "borderColor": "#0D47A1",
          "borderWidth": 2,
          "opacity": 1,
          "zIndex": 1
        },
        "id": "ae866a9a-1749-43c2-bb24-ae2565cb764d",
        "type": "circle",
        "content": "",
        "animation": {
          "startTime": 0,
          "endTime": null,
          "effects": []
        },
        "_id": "6818608188e5f5551f050942"
      }
    ],
    "createdAt": "2025-05-03T12:38:58.628Z",
    "updatedAt": "2025-05-05T08:10:12.415Z",
    "__v": 0
  },
  "keyframeData": {
    "elementCount": 0,
    "elementIds": [],
    "totalKeyframes": 0
  },
  "elements": [
    {
      "elementId": "ae866a9a-1749-43c2-bb24-ae2565cb764d",
      "elementType": "circle",
      "keyframeCount": 0,
      "keyframeSample": null
    }
  ],
  "localStorage": {
    "exists": false
  }
}

[2025-05-05T08:23:22.391Z] DEBUG: Getting raw project data for ID: 68160e6288e5f5551f050655
[2025-05-05T08:23:22.401Z] DEBUG results for project 68160e6288e5f5551f050655:
{
  "projectId": "68160e6288e5f5551f050655",
  "projectName": "фф2",
  "elementCount": 1,
  "hasKeyframesJson": true,
  "keyframesJsonLength": 2,
  "lastUpdated": "2025-05-05T08:10:12.415Z",
  "rawProject": {
    "keyframesJson": "{}",
    "_id": "68160e6288e5f5551f050655",
    "name": "фф2",
    "description": "",
    "duration": 60,
    "audioUrl": null,
    "elements": [
      {
        "position": {
          "x": 184,
          "y": 238
        },
        "size": {
          "width": 100,
          "height": 100
        },
        "style": {
          "color": "#000000",
          "backgroundColor": "#2196F3",
          "borderColor": "#0D47A1",
          "borderWidth": 2,
          "opacity": 1,
          "zIndex": 1
        },
        "id": "ae866a9a-1749-43c2-bb24-ae2565cb764d",
        "type": "circle",
        "content": "",
        "animation": {
          "startTime": 0,
          "endTime": null,
          "effects": []
        },
        "_id": "6818608188e5f5551f050942"
      }
    ],
    "createdAt": "2025-05-03T12:38:58.628Z",
    "updatedAt": "2025-05-05T08:10:12.415Z",
    "__v": 0
  },
  "keyframeData": {
    "elementCount": 0,
    "elementIds": [],
    "totalKeyframes": 0
  },
  "elements": [
    {
      "elementId": "ae866a9a-1749-43c2-bb24-ae2565cb764d",
      "elementType": "circle",
      "keyframeCount": 0,
      "keyframeSample": null
    }
  ],
  "localStorage": {
    "exists": false
  }
}

[2025-05-05T08:27:15.490Z] DEBUG: Getting raw project data for ID: 68160e6288e5f5551f050655
[2025-05-05T08:27:15.503Z] DEBUG results for project 68160e6288e5f5551f050655:
{
  "projectId": "68160e6288e5f5551f050655",
  "projectName": "фф2",
  "elementCount": 1,
  "hasKeyframesJson": true,
  "keyframesJsonLength": 2,
  "lastUpdated": "2025-05-05T08:10:12.415Z",
  "rawProject": {
    "keyframesJson": "{}",
    "_id": "68160e6288e5f5551f050655",
    "name": "фф2",
    "description": "",
    "duration": 60,
    "audioUrl": null,
    "elements": [
      {
        "position": {
          "x": 184,
          "y": 238
        },
        "size": {
          "width": 100,
          "height": 100
        },
        "style": {
          "color": "#000000",
          "backgroundColor": "#2196F3",
          "borderColor": "#0D47A1",
          "borderWidth": 2,
          "opacity": 1,
          "zIndex": 1
        },
        "id": "ae866a9a-1749-43c2-bb24-ae2565cb764d",
        "type": "circle",
        "content": "",
        "animation": {
          "startTime": 0,
          "endTime": null,
          "effects": []
        },
        "_id": "6818608188e5f5551f050942"
      }
    ],
    "createdAt": "2025-05-03T12:38:58.628Z",
    "updatedAt": "2025-05-05T08:10:12.415Z",
    "__v": 0
  },
  "keyframeData": {
    "elementCount": 0,
    "elementIds": [],
    "totalKeyframes": 0
  },
  "elements": [
    {
      "elementId": "ae866a9a-1749-43c2-bb24-ae2565cb764d",
      "elementType": "circle",
      "keyframeCount": 0,
      "keyframeSample": null
    }
  ],
  "localStorage": {
    "exists": false
  }
}

[2025-05-05T08:28:40.058Z] DEBUG: Getting raw project data for ID: 68160e6288e5f5551f050655
[2025-05-05T08:28:40.068Z] DEBUG results for project 68160e6288e5f5551f050655:
{
  "projectId": "68160e6288e5f5551f050655",
  "projectName": "фф2",
  "elementCount": 1,
  "hasKeyframesJson": true,
  "keyframesJsonLength": 2,
  "lastUpdated": "2025-05-05T08:10:12.415Z",
  "rawProject": {
    "keyframesJson": "{}",
    "_id": "68160e6288e5f5551f050655",
    "name": "фф2",
    "description": "",
    "duration": 60,
    "audioUrl": null,
    "elements": [
      {
        "position": {
          "x": 184,
          "y": 238
        },
        "size": {
          "width": 100,
          "height": 100
        },
        "style": {
          "color": "#000000",
          "backgroundColor": "#2196F3",
          "borderColor": "#0D47A1",
          "borderWidth": 2,
          "opacity": 1,
          "zIndex": 1
        },
        "id": "ae866a9a-1749-43c2-bb24-ae2565cb764d",
        "type": "circle",
        "content": "",
        "animation": {
          "startTime": 0,
          "endTime": null,
          "effects": []
        },
        "_id": "6818608188e5f5551f050942"
      }
    ],
    "createdAt": "2025-05-03T12:38:58.628Z",
    "updatedAt": "2025-05-05T08:10:12.415Z",
    "__v": 0
  },
  "keyframeData": {
    "elementCount": 0,
    "elementIds": [],
    "totalKeyframes": 0
  },
  "elements": [
    {
      "elementId": "ae866a9a-1749-43c2-bb24-ae2565cb764d",
      "elementType": "circle",
      "keyframeCount": 0,
      "keyframeSample": null
    }
  ],
  "localStorage": {
    "exists": false
  }
}

[2025-05-05T08:34:23.747Z] DEBUG: Getting raw project data for ID: 68160e6288e5f5551f050655
[2025-05-05T08:34:23.756Z] DEBUG results for project 68160e6288e5f5551f050655:
{
  "projectId": "68160e6288e5f5551f050655",
  "projectName": "фф2",
  "elementCount": 1,
  "hasKeyframesJson": true,
  "keyframesJsonLength": 2,
  "lastUpdated": "2025-05-05T08:10:12.415Z",
  "rawProject": {
    "keyframesJson": "{}",
    "_id": "68160e6288e5f5551f050655",
    "name": "фф2",
    "description": "",
    "duration": 60,
    "audioUrl": null,
    "elements": [
      {
        "position": {
          "x": 184,
          "y": 238
        },
        "size": {
          "width": 100,
          "height": 100
        },
        "style": {
          "color": "#000000",
          "backgroundColor": "#2196F3",
          "borderColor": "#0D47A1",
          "borderWidth": 2,
          "opacity": 1,
          "zIndex": 1
        },
        "id": "ae866a9a-1749-43c2-bb24-ae2565cb764d",
        "type": "circle",
        "content": "",
        "animation": {
          "startTime": 0,
          "endTime": null,
          "effects": []
        },
        "_id": "6818608188e5f5551f050942"
      }
    ],
    "createdAt": "2025-05-03T12:38:58.628Z",
    "updatedAt": "2025-05-05T08:10:12.415Z",
    "__v": 0
  },
  "keyframeData": {
    "elementCount": 0,
    "elementIds": [],
    "totalKeyframes": 0
  },
  "elements": [
    {
      "elementId": "ae866a9a-1749-43c2-bb24-ae2565cb764d",
      "elementType": "circle",
      "keyframeCount": 0,
      "keyframeSample": null
    }
  ],
  "localStorage": {
    "exists": false
  }
}

[2025-05-05T12:31:18.349Z] DEBUG: Getting raw project data for ID: 68160e6288e5f5551f050655
[2025-05-05T12:31:18.357Z] DEBUG results for project 68160e6288e5f5551f050655:
{
  "projectId": "68160e6288e5f5551f050655",
  "projectName": "фф2",
  "elementCount": 1,
  "hasKeyframesJson": true,
  "keyframesJsonLength": 2,
  "lastUpdated": "2025-05-05T08:10:12.415Z",
  "rawProject": {
    "keyframesJson": "{}",
    "_id": "68160e6288e5f5551f050655",
    "name": "фф2",
    "description": "",
    "duration": 60,
    "audioUrl": null,
    "elements": [
      {
        "position": {
          "x": 184,
          "y": 238
        },
        "size": {
          "width": 100,
          "height": 100
        },
        "style": {
          "color": "#000000",
          "backgroundColor": "#2196F3",
          "borderColor": "#0D47A1",
          "borderWidth": 2,
          "opacity": 1,
          "zIndex": 1
        },
        "id": "ae866a9a-1749-43c2-bb24-ae2565cb764d",
        "type": "circle",
        "content": "",
        "animation": {
          "startTime": 0,
          "endTime": null,
          "effects": []
        },
        "_id": "6818608188e5f5551f050942"
      }
    ],
    "createdAt": "2025-05-03T12:38:58.628Z",
    "updatedAt": "2025-05-05T08:10:12.415Z",
    "__v": 0
  },
  "keyframeData": {
    "elementCount": 0,
    "elementIds": [],
    "totalKeyframes": 0
  },
  "elements": [
    {
      "elementId": "ae866a9a-1749-43c2-bb24-ae2565cb764d",
      "elementType": "circle",
      "keyframeCount": 0,
      "keyframeSample": null
    }
  ],
  "localStorage": {
    "exists": false
  }
}

[2025-05-05T12:33:32.183Z] DEBUG: Getting raw project data for ID: 68160e6288e5f5551f050655
[2025-05-05T12:33:32.191Z] DEBUG results for project 68160e6288e5f5551f050655:
{
  "projectId": "68160e6288e5f5551f050655",
  "projectName": "фф2",
  "elementCount": 1,
  "hasKeyframesJson": true,
  "keyframesJsonLength": 2,
  "lastUpdated": "2025-05-05T08:10:12.415Z",
  "rawProject": {
    "keyframesJson": "{}",
    "_id": "68160e6288e5f5551f050655",
    "name": "фф2",
    "description": "",
    "duration": 60,
    "audioUrl": null,
    "elements": [
      {
        "position": {
          "x": 184,
          "y": 238
        },
        "size": {
          "width": 100,
          "height": 100
        },
        "style": {
          "color": "#000000",
          "backgroundColor": "#2196F3",
          "borderColor": "#0D47A1",
          "borderWidth": 2,
          "opacity": 1,
          "zIndex": 1
        },
        "id": "ae866a9a-1749-43c2-bb24-ae2565cb764d",
        "type": "circle",
        "content": "",
        "animation": {
          "startTime": 0,
          "endTime": null,
          "effects": []
        },
        "_id": "6818608188e5f5551f050942"
      }
    ],
    "createdAt": "2025-05-03T12:38:58.628Z",
    "updatedAt": "2025-05-05T08:10:12.415Z",
    "__v": 0
  },
  "keyframeData": {
    "elementCount": 0,
    "elementIds": [],
    "totalKeyframes": 0
  },
  "elements": [
    {
      "elementId": "ae866a9a-1749-43c2-bb24-ae2565cb764d",
      "elementType": "circle",
      "keyframeCount": 0,
      "keyframeSample": null
    }
  ],
  "localStorage": {
    "exists": false
  }
}

[2025-05-05T12:41:17.528Z] [UPDATE PROJECT] Full update data for MongoDB:
{
  "projectId": "68160e6288e5f5551f050655",
  "totalKeyframes": 2,
  "keyframesJsonLength": 167,
  "updateData": {
    "_id": "68160e6288e5f5551f050655",
    "name": "фф2",
    "description": "",
    "duration": 60,
    "audioUrl": null,
    "elements": [
      {
        "position": {
          "x": 184,
          "y": 238
        },
        "size": {
          "width": 100,
          "height": 100
        },
        "style": {
          "color": "#000000",
          "backgroundColor": "#2196F3",
          "borderColor": "#0D47A1",
          "borderWidth": 2,
          "opacity": 1,
          "zIndex": 1
        },
        "id": "ae866a9a-1749-43c2-bb24-ae2565cb764d",
        "type": "circle",
        "content": "",
        "animation": {
          "startTime": 0,
          "endTime": null,
          "effects": []
        },
        "_id": "6818608188e5f5551f050942"
      }
    ],
    "createdAt": "2025-05-03T12:38:58.628Z",
    "updatedAt": "2025-05-05T12:41:17.528Z",
    "__v": 0,
    "keyframesJson": "{\"ae866a9a-1749-43c2-bb24-ae2565cb764d\":[{\"time\":0,\"position\":{\"x\":833,\"y\":291},\"opacity\":1,\"scale\":..."
  }
}

